eEnmB4OD4tAye6gHWdz3hgWAv5QBYGeUjCgXscJHPgJsVW3J2sTxVRiz3o+JPxqd8gbTfL4Of1KjlBGie6gopsfAyUuvgosztQwjtDt+tBs=
AFn1x1wU9HuwdHHACsqngRHwceNAc3KpuDEXxJ2rN7XGfkhz0iuOF6vpTz2fdbfdxxWDfe45BfPa78cfmSVxtAo=
YcftMYoEFo/I8z9pC1ZHRkzf/9EBPCrUy34Zp8ZHPgRdGzfY1MmwP1y5yZ+FElSV/0/Xfp4CaVKjlBGie6gipsfAyUuvgosztQwjtDt+tBs=
Yrolyfo3fRggoHdIgL/+vcq0NBg6houvLV8fwrn5aWWmwEwuMUfkE/E6mojiHn4F7lOpNHBV4CPnIIHh3zHjjQMdQ5LzPZ+NguGxU06XK0+lDWW0Hg==
U1OmzQVQUqkP6PD6xEmDnhN2p6MPAqQJ1+/b/PHqygRpTjukoKa/djFiQFLjRwAkPM32vXhTddj3rMdprAVc6pvRDhAamuPiQ8RRUlu4IpSnEQk7DxILg1VcY0QbbrQr
+OoDGYVwHZ7WNaJDHunQhhHwceNAc3KpuDEXxJ2rN7XGfkhz0iuOF6vpTz2fdbfSxRWCfe45BfPa78cfmSVxtAo=
qGINS4JRxU7pNHufTWVVevctNglVOD0TPI8UR9ypi1QRI7M1QvbE406zandPkbNNUz1zmwBdTk3SASHT/vfbD5UtdbQO
oApn8Gpu3JzUUygrZLHrP/ctNglVOD0TPIsWSdypi1QRI7M1QvbE406zandPkbNNUz1zmwBdTk3SASHT/vfbD5UtdbQO
qGINS4JRxU7pNHufTWVVevctNglVOD0TPI8UR9ypi1QRI7M1QvbE406zandPkbNNUz1zmwBdTk3SASHT/vfbD5UtdbQO
fmchA/WNs3wxpS8LJN+bxdG70I+EsA6KxURPr7Y22NeUzQh2D/EfrTqQ13IJqEeGy9cDl2HxIxz70eHKG54ncLQJ
MMeHyQuhNCNwrZsbQdq3rM7RUkHLkaU+ij8oliEVVX1vSIfaqQD3Pktvsz/BWfNEO4kxovv21wi0cQ==
pzApRofJDqkq8Z8SSyPUnI9d8kREad3BNHTEIZs7jcWZZVk5QbsymQTleJWjQ5wjkcf/yQe0fA==
hm0QyJV+N9wEd+3rxVn4b8kSiGRQhmA3s5FmFjWV/5iLRUkCE5S3hYRlwqHt6EUzNJv+CXRZA/TJU6s1WgacQ8bDwrcngbttq23LHnuNdi3aEQkTlkdTb00dbbQW
24KV06hclfWp+htNHa0r8ypD1+03p3psTXMdW3bA5MFAUV+yxTSelMuOUDc+gnG1jdgnCukw1w5DXZMPAQlT1LsZ0fI7hjd4tAE=
WyPfXXZX0iWokTwP99vu8Q6u37kEHeHuvEhsF2uNhOIh2jQoLZL/GlzYgoJoyCa+u9opt4qcL4c7ib99T1WH0rX127hemJVzKo8XX6kFYbQa
IiBUMHY250cgdUYtjTx7NSg3PAikOEK1ogkexXZpXsrYOpGx0u/+wgMk0fKb2CO15/iMm85yC6MVvOPk2w60Cw==
J+CHzrcZQ/qJ7qFrx5ou/xS4MjiH1IgiKSGi8bdeagSqzx2hooIH90IwK57pKko0pNqehGB+/Zbf7yxwuTetBTnlOfkhvhFZrWCY1ENDfGMxR18JZ7Qc
R9bOoCpWAhDeFu/SryiUcCk3PAikOEK1ogkexXZpXsrYOpGx0u/+wgMk0fKb2CK25/iMm85yC6MVvOPk2w60Cw==
tj2sumxoOY0PPg4/XSBWrA6u36MCHf32vUhsF2uNhOIh2i4uLY7nG1zYgoJoyCa+u9opt4qcL4c7ib99T1WH0rb127hemJVzKo8XX6kFYbQa
W1ZxiHGuJsMa8L/NEAFqeygtOgi4IEO1ogkexXZpXsrYOpGx0u/+wgMk0fKb2Cqw5/iMm85yC6MVvOPk2w60Cw==
1qZfmKp11YkF9+uFYXyc+BS4MjiH1IgiKTuk8atGawSqzx2hooIH8lg2K4LxK0o0pNqehGB+/Zbf7yxwuTetBTnlOfkhuBdZrWCY1ENDfGMxR18JZ7Qc
T727cy/jlyGRwrqtz6QU/iwtOgi4IEO1ogkexXZpXsrYOpGx0u/+wgMk0fKb2C2w5/iMm85yC6MVvOPk2w60Cw==
Q3iae0hwrXvnbhBZzqGevw6u364GDf3zrEhsF2uNhOIh2iMqPY7iClzYgoJoyCa+u9opt4qcL4c7ib99T1WH0rH127hemJVzKo8XX6kFYbQa
5gkcaa5cM76WJl1+F/buwCggPhi4JVK1ogkexXZpXsrYOpGx0u/+wgMk0fKb2Cqx5/iMm85yC6MVvOPk2w60Cw==
YiW7fQfDiJyN0lDXU1ST/w6qxvlMWaK43EhsF2uNhOIh3y4uLY7nG1zYgoJoyCa+u9opt4qcL4c7ib99T1WH3bD127hemJVzKo8XX6kFYbQa
cy2BSocaqn1zmpK/CE7EHy0tOgi4IEO1ogkexXZpXsrYOpGx0u/+wgMk0fKb2Ci05/mMm85yC6MVvOPk2w60Cw==
DgB6P3IPgX5Vl4h9n8ycVJPKjFYIifd4MjXPYALX4NB7mDa3B0Eb7cut6xmazd6outBpE7YHs+/t3Q20dg==
zwgKFqaq7kVP94MC5gdtqkXqcONGZCDrpCFDyIaNc+C+b1RgzzCaF6vpTz2fdbffxhWKeO44BfPa78cfmSVxtAo=
04OVHT5EJWox2kyKM65IoUAk5oxjXLTuEYwyeT0jNYwJcC6l8WAk2bmgdDt2SP00kAfBDT313aEdfWyBCPAcXO+jEKv1N7sxe7QA
0K0LNuSWjtZ7ZHv5jl/cS1QKcIDdzP7BafNBZFXQkg1lENBBNSD4owK4aZwspx1lyaUJGVG5J3lcICh0M8Psw+EHjyl3tAw=
rjNipBVBev6vsIUFm1KQJNda4U7LSusg8rt2dYmATMmxoHwrnigFZEhHeb1lFbVRlf7jMaBQxCwX48j7zReTIXO0CA==
kD4CUPIFG44pUxZUSB9e2Nda4U7LSusg8rt2dYmATMmxoHwrnigFZEhHeb1lFbVRlfLjMaBQxCwX48j7zReTIXO0CA==
D7lAwt+PPXQLVr19u50daREJc9Jw/mbA+qtTGZP0ZC8r0IBbBbsUPk5hX2ariGFGI2Ti9C+2XM8WLuvH/dATkCNytA8=
0fm3utrAQqULFF2tdeLQa0XqcONGZCDrpCFDyIaNc+C+b1RgzzCaF6vpTz2fdbfcwBWJeO44BfPa78cfmSVxtAo=
yIfki8eqTTZpJ7+whm7CK0duiMFjJkLfFFj37NTVm/tDYF/A+OkHOOIV/2Ay97AQC3hGN5fhSy37jfsbiK0s6Gqw+ZMGpwMvvT19tAY=
bIDnCF6VZN38BzXNF70eE1z621YnS8eytDVBGI9aEryW/7t612iyKgg/r/5sUc+CwI1pQYyw+sOvIHeiSVgnls/E4+2koYKseyGBGluuB2C0GQ==
U7k189xfmIRIDu0LLw4HB62n135Yy7/1VEwIo72CJ7R2HnaZF9CvtgZ42InzBCQfC8CASyWLVM4u8d/2S/ihdgN06uMPh5y/9r5rV50gU6ADYrQf
XEQOuU+lojblDC0grhKCeDSJna8VHPzyzgc4Wy3AjeYsjS8rN4jzYBSBk4h27WPgro8koJ+QKpc7ib99T1WH3rb12LhemJVzKo8XX6kFYbQa
BD0LclYel86lvYm6aFA10W0EnqYvsmIkFmdLEnfA4tJIB3+WjHn/msCVWWls2Cr779gnCukw1w5MXZMFBAlS1LsZ0fI7hjd4tAE=
3ziUrYGA2tLNeePve8rmjVQKcIDdzP7BafNBZFXQkg1lENBBNSD4owK4aZwspx1lyaUJGVGzIHleICh0M8Psw+EHjyl3tAw=
zDET8PjamUzMem+aPaZW+ypD1+03p3psTXMdW3bA5MFAUV+yxTSelMuOUDc+gnG1jdgnCukw1w5JW5MFBAlS1LsZ0fI7hjd4tAE=
Get3JO0ps6dzbkZbSHIlmipD1+03p3psTXMdW3bA5MFAUV+yxTSelMuOUDc+gnG1jdgnCukw1w5MXpMCBAlS1LsZ0fI7hjd4tAE=
rc1bVORM+GEjfLBtnkiT6vju85WOF73k3uw1E6ZCCBoMhqyX6Dt1LCqq4bqL2kTOm0rTIhjS2LSP51YfKR8aspX8mB7BXUVFL7AXEokIB2bPssM35BFiPPuxIWqbfmdQtCk=
Ii/UPfv8OhBHPcGRTFrY4h+zeuFcYXO7qSFU1IL+N7/9P08j3jWEAqvpTz2fdbffwRWCeO44BfPa78cfmSVxtAo=
MrkHAJvokm8oQv1CyX+mt/ju85WOF73k3uw1E6ZCCBoMhqyX6Dt1LCqq4bqL2kTOm0rTIhjS2LSP51YfKR8aspX8mB7BXUVFL7AXEokIB2bOtcM95RFiPPuxIWqbfmdQtCk=
fwB4oQhAfmF1+gHgvHRzxx+zeuFcYXO7qSFU1IL+N7/9P08j3jWEAqvpTz2fdbfexhWIee44BfPa78cfmSVxtAo=
9gR5UBeiup6Vxw5Pp4h+tPju85WOF73k3uw1E6ZCCBoMhqyX6Dt1LCqq4bqL2kTOm0rTIhjS2LSP51YfKR8aspX8mB7BXUVFL7AXEokIB2bJs8M55RFiPPuxIWqbfmdQtCk=
juJaUaDxwIuFbPXO6b+D5B+zeuFcYXO7qSFU1IL+N7/9P08j3jWEAqvpTz2fdbfZwBWMee44BfPa78cfmSVxtAo=
